[ 23.10.2019 - 11:19:20 ]
    (MSG) [2] in SMILExtract : openSMILE starting!
[ 23.10.2019 - 11:19:20 ]
    (MSG) [2] in SMILExtract : config file is: ../Junior_Year/opensmile-2.3.0/config/IS09_emotion.conf
[ 23.10.2019 - 11:19:20 ]
    (MSG) [2] in cComponentManager : successfully registered 91 component types.
[ 23.10.2019 - 11:19:20 ]
    (MSG) [2] in instance 'lldsink' : No filename given, disabling this sink component.
[ 23.10.2019 - 11:19:20 ]
    (MSG) [2] in instance 'lldhtksink' : No filename given, disabling this sink component.
[ 23.10.2019 - 11:19:20 ]
    (MSG) [2] in instance 'lldarffsink' : No filename given, disabling this sink component.
[ 23.10.2019 - 11:19:20 ]
    (MSG) [2] in instance 'arffsink' : No filename given, disabling this sink component.
[ 23.10.2019 - 11:19:20 ]
    (MSG) [2] in instance 'htksink' : No filename given, disabling this sink component.
[ 23.10.2019 - 11:19:20 ]
    (MSG) [2] in cComponentManager : successfully finished createInstances
                                 (25 component instances were finalised, 1 data memories were finalised)
[ 23.10.2019 - 11:19:20 ]
    (MSG) [2] in cComponentManager : starting single thread processing loop
[ 23.10.2019 - 11:19:20 ]
    (MSG) [2] in cComponentManager : Processing finished! System ran for 753 ticks.
